Version: dev
Using werf config render file: /tmp/werf-config-render-2831097117
┌ Syncing origin branches and tags
└ Syncing origin branches and tags (0.93 seconds)

┌ Fetching manifests and metadata
└ Fetching manifests and metadata (3.48 seconds)

┌ Git history-based cleanup
│ ┌ Preparing references to scan
│ │ ┌ references={tag=.* limit={last=10}}
│ │ └ references={tag=.* limit={last=10}}
│ │ 
│ │ ┌ references={branch=.* limit={in=168h0m0s last=10 operator=And}} imagesPerReference={in=168h0m0s last=2 operator=And}
│ │ │ [34;1morigin/main[0m
│ │ └ references={branch=.* limit={in=168h0m0s last=10 operator=And}} imagesPerReference={in=168h0m0s last=2 operator=And}
│ │ 
│ │ ┌ references={branch=^(main|master|staging|production)$} imagesPerReference={last=10}
│ │ │ [34;1morigin/main[0m
│ │ └ references={branch=^(main|master|staging|production)$} imagesPerReference={last=10}
│ └ Preparing references to scan (0.01 seconds)
│ 
│ ┌ ⛵ image a/stage0
│ │ [4mTag                                                                     Commits                                   [0m
│ │ b3976e566cff245f95bb16d148ed3f6b7c4ea0972d24b773b4870d46-1703685653719  60c05eb541faefb12330f869a92e16e3f2ef3ee7  
│ │ 720f28fac01edbd3b3f51361d2e0020c14238971b8edc91630b0e476-1703607585797  37550d2346d8c27cc171732d86630e6bb6e28d40  
│ │ f4995689995472843a84ed6a0b89d941df03e5d3bc435a7de6aa9130-1703667364068  37550d2346d8c27cc171732d86630e6bb6e28d40  
│ │ 4d5ff32d553c7289e77e556c02a2d3f65d9df3b5a7f4bb93e4ef1cad-1703684130103  794a265f9fc463bb1b68a782fc1d3f59cc43b55d  
│ │ 
│ │ ┌ Scanning git references history
│ │ └ Scanning git references history (0.00 seconds)
│ │ 
│ │ ┌ Saved tags
│ │ │ [34;1m  tag: 4d5ff32d553c7289e77e556c02a2d3f65d9df3b5a7f4bb93e4ef1cad-1703684130103[0m
│ │ │ 
│ │ │ [34;1m  tag: 720f28fac01edbd3b3f51361d2e0020c14238971b8edc91630b0e476-1703607585797[0m
│ │ │ 
│ │ │ [34;1m  tag: f4995689995472843a84ed6a0b89d941df03e5d3bc435a7de6aa9130-1703667364068[0m
│ │ │ 
│ │ │ [34;1m  tag: b3976e566cff245f95bb16d148ed3f6b7c4ea0972d24b773b4870d46-1703685653719[0m
│ │ └ Saved tags
│ │ 
│ │ ┌ Cleaning image metadata
│ │ └ Cleaning image metadata (0.00 seconds)
│ └ ⛵ image a/stage0 (0.01 seconds)
│ 
│ ┌ ⛵ image a
│ │ [4mTag                                                                     Commits                                   [0m
│ │ 8637bae069be0de561700f2aaa6f4c97d79b9aa171281801e8e63cd9-1703607606584  37550d2346d8c27cc171732d86630e6bb6e28d40  
│ │ ce023a7bf110bf6b3b9e3b42de9f9c6b63e197300a77f364347a34a0-1703667382790  37550d2346d8c27cc171732d86630e6bb6e28d40  
│ │ 22ee17c911548cb2ff04f4c0de918e5a1dc5e6f4df10257ec8800089-1703684138519  794a265f9fc463bb1b68a782fc1d3f59cc43b55d  
│ │ a5c955cda0d728435ca11148bb558acdfc143d3eacac88ded48555a8-1703685662567  60c05eb541faefb12330f869a92e16e3f2ef3ee7  
│ │ 
│ │ ┌ Scanning git references history
│ │ └ Scanning git references history (0.00 seconds)
│ │ 
│ │ ┌ Saved tags
│ │ │ [34;1m  tag: a5c955cda0d728435ca11148bb558acdfc143d3eacac88ded48555a8-1703685662567[0m
│ │ │ 
│ │ │ [34;1m  tag: 22ee17c911548cb2ff04f4c0de918e5a1dc5e6f4df10257ec8800089-1703684138519[0m
│ │ │ 
│ │ │ [34;1m  tag: 8637bae069be0de561700f2aaa6f4c97d79b9aa171281801e8e63cd9-1703607606584[0m
│ │ │ 
│ │ │ [34;1m  tag: ce023a7bf110bf6b3b9e3b42de9f9c6b63e197300a77f364347a34a0-1703667382790[0m
│ │ └ Saved tags
│ │ 
│ │ ┌ Cleaning image metadata
│ │ └ Cleaning image metadata (0.00 seconds)
│ └ ⛵ image a (0.00 seconds)
└ Git history-based cleanup (0.02 seconds)

┌ Cleanup unused stages
│ ┌ Saved stages (18/23)
│ │ ┌ found in the git history (8)
│ │ │ [34;1m22ee17c911548cb2ff04f4c0de918e5a1dc5e6f4df10257ec8800089-1703684138519[0m
│ │ │ [34;1m8637bae069be0de561700f2aaa6f4c97d79b9aa171281801e8e63cd9-1703607606584[0m
│ │ │ [34;1ma5c955cda0d728435ca11148bb558acdfc143d3eacac88ded48555a8-1703685662567[0m
│ │ │ [34;1m720f28fac01edbd3b3f51361d2e0020c14238971b8edc91630b0e476-1703607585797[0m
│ │ │ [34;1mf4995689995472843a84ed6a0b89d941df03e5d3bc435a7de6aa9130-1703667364068[0m
│ │ │ [34;1mce023a7bf110bf6b3b9e3b42de9f9c6b63e197300a77f364347a34a0-1703667382790[0m
│ │ │ [34;1mb3976e566cff245f95bb16d148ed3f6b7c4ea0972d24b773b4870d46-1703685653719[0m
│ │ │ [34;1m4d5ff32d553c7289e77e556c02a2d3f65d9df3b5a7f4bb93e4ef1cad-1703684130103[0m
│ │ └ found in the git history (8) (0.00 seconds)
│ │ 
│ │ ┌ ancestors of images found in the git history (10)
│ │ │ [34;1m353648d6044f1247dc41afec5ed59568598c2a10fddadbffb897a7fb-1703667373470[0m
│ │ │ [34;1me04aabae944014428292277d778552515a551265d183d2ae927e0925-1703667178222[0m
│ │ │ [34;1mcea337bb9ef6fbc2056811d7fad7f5021fd6ae87f7fd021ab0a4bce1-1703607595422[0m
│ │ │ [34;1m08b2e12aa5941e4e207e1412cc39d5d8d2750a207c8a034117a858fa-1702641474607[0m
│ │ │ [34;1md9aa0efe035906946a60689fe556750fbe7112c3c1f3675e95b5ed7c-1703607574952[0m
│ │ │ [34;1m10e33de40725db5647ba82fce8e86cf1dca8bb57db12dee0da184e68-1703607564292[0m
│ │ │ [34;1m34da8ee628eaf838110af6a6ae6bbca4eafcc008b197c2f77f0d480a-1703667354239[0m
│ │ │ [34;1m6605d650788ad39d7c9901dae8a54ec5bd0e1fe403425dadf001154b-1703667344592[0m
│ │ │ [34;1m81ad193728b79c4288488f3587ff6dc0caaf6b5b7ae88d5fd3180341-1703685643929[0m
│ │ │ [34;1m1c8a939ae171244b7b0cd319f881f9727792335b5d54e5aaabdbc1bc-1703684120555[0m
│ │ └ ancestors of images found in the git history (10) (0.00 seconds)
│ └ Saved stages (18/23)
│ 
│ ┌ Deleting stages tags (5/23)
│ │ [34;1m  tag: 8c665cfae34f471884b847996aca2f367550b14b1723ed9248205ca4-1703665910456[0m
│ │ 
│ │ [34;1m  tag: e6b70b2d812a3c51edc90bd0ad51b9f129c3e45597da0c8cd70e32b0-1703666126454[0m
│ │ 
│ │ [34;1m  tag: 6e28b62fea63eb99512fb570c7d8ccf902403d1e1d39927fbf91b1b8-1703665907926[0m
│ │ 
│ │ [34;1m  tag: 67dc06c773222ce1f27c25453d511a25949c0bad5a68f3bfe90f1b09-1703665905370[0m
│ │ 
│ │ [34;1m  tag: fa762e5d16aeb16935b5abb1d7eb12e9ad20dd85ce1a093810c9fcb9-1703665924953[0m
│ └ Deleting stages tags (5/23) (2.79 seconds)
└ Cleanup unused stages (2.80 seconds)

[1mRunning time 8.57 seconds[0m
